941
-39578 78685 0 8
-39622 78786 1 8
-34563 84268 4 8
57282 405791 34 22
57091 405721 35 22
57094 405675 46 22
69883 404446 47 22
59423 393777 57 22
74640 410938 58 22
46973 330144 63 17
54392 331971 64 17
50179 314012 75 17
62774 401684 75 22
54262 331891 76 17
83189 408074 76 22
59443 393728 80 22
77877 482678 81 23
77907 482785 82 23
46930 330230 88 17
70767 320499 89 17
77890 482701 98 23
37301 286924 102 14
46998 330133 102 17
45312 286257 103 14
70838 320515 103 17
33040 269179 104 14
45231 286398 105 14
37369 287049 106 14
33196 269130 107 14
11759 158303 115 9
11924 158287 116 9
11806 158361 128 9
45322 203635 128 13
25471 150977 129 9
48014 198535 129 13
37956 191689 130 13
45271 203742 131 13
34852 182020 132 13
11812 158326 134 9
25411 151075 135 9
37509 286868 141 14
73718 269865 142 14
46956 330092 142 17
104279 323820 143 17
27028 77935 149 8
37346 286787 151 14
11776 158375 152 9
73745 269885 152 14
37217 155758 153 9
75009 201728 155 13
37980 191575 156 13
26972 78035 158 8
128424 412148 161 22
75093 201505 173 13
48904 192067 174 13
60576 218852 175 13
64592 185882 176 13
60439 218805 177 13
59737 172018 178 13
46920 330247 178 17
60375 218786 179 13
142884 312916 179 17
41402 174605 180 13
61086 239032 181 13
41554 174609 182 13
37281 286936 183 14
97674 285570 184 14
102979 394235 190 22
46909 330133 191 17
138475 411029 191 22
142898 312899 192 17
103034 394249 195 22
138472 411055 196 22
94364 401572 197 22
142230 398824 198 22
94257 401730 199 22
38820 341222 209 17
176458 307236 210 17
157641 407288 215 22
102961 394272 216 22
54994 242357 217 10
52114 249266 218 10
37428 286849 218 14
120471 276783 219 14
157674 407287 224 22
113655 391047 226 22
157544 407336 227 22
113712 390943 228 22
157691 407499 229 22
96998 221326 230 13
70367 175896 231 13
150327 472769 231 23
120751 490433 232 23
140317 489997 233 23
140350 490031 234 23
52165 249428 237 10
67028 244161 238 10
46885 330106 241 17
140326 490018 241 23
140432 490030 242 23
41458 174690 252 9
97006 221409 262 13
96267 170031 263 13
37397 286898 265 14
159387 284650 266 14
131037 395980 279 22
55089 242275 280 10
101308 231185 281 10
58977 -4250 289 3
189660 398008 295 22
115269 144518 297 9
220204 330035 297 17
152809 485362 297 23
58347 309660 298 17
181588 483761 298 23
195592 311211 299 17
150401 472784 299 23
54283 331918 300 17
181597 483599 300 23
208702 310491 301 17
150200 472808 301 23
58361 309705 302 17
175356 495124 302 23
59106 -4326 303 3
150337 472781 303 23
65388 3384 304 3
101144 231199 304 13
166045 480461 304 23
58994 -4254 305 3
123622 164939 305 13
150289 472871 305 23
57201 8708 306 3
73232 246219 306 13
165475 493445 306 23
59171 -4193 307 3
123690 164858 307 13
142294 398861 307 22
150276 472838 307 23
65419 3210 308 3
81450 250079 308 13
189743 398025 308 22
186473 491866 308 23
64055 154557 309 9
141061 155045 309 13
115415 144567 310 9
37342 286883 310 14
138399 411046 310 22
152689 485370 313 23
214632 272467 315 14
37437 286872 316 14
214785 272441 321 14
37332 286895 322 14
192497 270218 323 14
37259 286859 324 14
61021 239076 325 10
214664 272488 325 14
133142 247930 326 10
33024 269140 329 14
214598 272318 330 14
64124 154517 332 9
220264 329857 346 17
104552 307386 347 17
208758 310346 348 17
60408 218792 349 10
104170 323688 349 17
220314 329805 350 17
135950 144668 351 9
104260 323723 351 17
208708 310322 352 17
104701 307363 353 17
162579 518045 358 18
169020 522414 359 18
161092 529462 360 18
162739 517973 361 18
168684 247310 364 10
161039 529570 364 18
60505 218776 365 10
172113 512170 365 18
155067 539100 366 18
172235 512237 367 18
161119 529457 368 18
220296 329851 369 17
173926 508584 369 18
125123 319604 370 17
155050 539114 370 18
208762 310298 371 17
173870 508468 371 18
225160 398740 371 22
104619 307235 372 17
117830 72280 376 8
89299 -3388 377 3
37343 286826 385 14
157170 548286 386 18
169149 399224 386 22
186471 491973 387 18
120936 83675 391 8
117872 72369 392 8
220212 330046 394 17
143008 312943 395 17
203373 563065 395 24
208697 310275 396 17
203538 564760 396 24
142841 313004 397 17
221284 318981 398 17
236065 388269 398 22
135918 301066 399 17
169117 399111 399 22
176511 269642 400 10
195785 343774 400 17
225075 398741 400 22
82797 202552 401 10
142903 313082 401 17
195750 343775 402 17
135878 300864 403 17
126870 232222 406 13
120808 83802 407 8
154997 539148 407 18
132656 65268 408 8
220272 329908 408 17
208788 503849 408 18
146028 283956 409 17
195658 343725 410 17
187381 139401 411 13
142934 313090 411 17
203178 563111 411 24
133231 247983 412 13
210332 562825 412 24
175654 155246 413 13
176931 254481 414 10
122427 231214 414 13
91207 201798 415 10
175616 155275 415 13
120695 83673 416 8
133910 218837 416 13
170174 165257 420 13
148118 223251 421 13
148080 153386 422 13
154943 539066 425 18
176644 269443 433 10
110468 216951 434 10
201529 552606 436 24
124052 -5678 441 3
176508 269723 443 10
117008 218735 444 10
191571 404300 444 22
220251 329925 451 17
178256 305994 452 17
195882 343830 453 17
184735 286011 454 17
195871 343858 455 17
196258 297516 456 17
176479 269572 457 10
198311 357000 457 17
121242 219861 458 10
196350 297468 458 17
195664 343741 459 17
184715 285970 460 17
220378 329799 485 17
204456 297156 486 17
194631 227390 487 13
195721 343708 487 17
176826 254624 488 10
222013 305819 488 17
152190 213588 489 10
141062 155051 499 9
176500 269445 501 10
162819 213153 502 10
220228 329859 507 17
221945 305940 508 17
195751 343957 509 17
176791 254519 518 10
169487 202115 519 10
176644 269566 549 10
212320 198365 563 10
182039 254322 564 10
203452 68256 565 8
212184 198310 565 10
182123 254327 566 10
182851 74397 572 8
203409 68218 573 8
230991 202566 611 10
193333 248241 612 10
203405 68061 632 8
243642 220886 665 10
219287 260911 666 10
231007 202662 667 10
277446 68660 741 8
277371 68642 817 8
278961 60094 886 15
256304 61399 895 15
278948 59925 896 15
203594 68166 1035 15
223725 315328 1070 12
223601 315518 1071 12
222177 305871 1074 12
221901 305813 1075 12
222024 305808 1076 12
221355 318984 1077 12
243252 349336 1101 5
243654 344813 1102 5
157298 26199 1106 21
153706 32605 1107 21
243242 349479 1114 5
184313 53989 1115 15
183354 65517 1116 15
203529 68267 1117 15
175590 155358 1119 16
175575 155234 1120 16
187341 139387 1121 16
157263 26143 1121 21
187260 139347 1122 16
152021 26207 1122 21
175587 155275 1123 16
195421 122250 1124 16
178058 173039 1128 16
170140 136978 1129 16
200574 290124 1134 12
218183 442639 1145 6
218543 425531 1146 6
218562 425406 1147 6
218608 425507 1148 6
218542 425484 1149 6
216791 438670 1150 6
175657 155322 1150 16
217912 413871 1151 6
163959 118916 1151 16
218230 442599 1152 6
218674 425489 1153 6
220495 424517 1154 6
218531 425355 1155 6
139780 -11289 1160 20
224089 422283 1161 6
139717 -11087 1161 20
199888 420398 1162 6
223994 422301 1163 6
153668 32478 1169 21
111990 12846 1170 21
180309 53203 1171 21
208753 503713 1174 7
202469 504380 1175 7
178223 172941 1184 16
172553 328767 1190 12
181370 188485 1191 11
184882 285917 1191 12
203882 522175 1194 7
202653 504306 1195 7
96754 -9340 1195 21
195889 343797 1196 5
153723 32469 1196 21
124163 -5705 1197 21
175072 317790 1201 12
172492 291499 1202 12
180935 307054 1203 12
162952 295721 1204 12
132779 65354 1206 15
180981 307165 1207 12
153498 46768 1207 15
198232 225042 1208 4
159728 309303 1208 12
195503 311193 1209 12
162864 295843 1210 12
175088 317900 1211 12
162913 295864 1212 12
176464 307350 1213 12
176395 307292 1214 12
176430 307254 1215 12
172468 291585 1216 12
208722 503824 1217 7
175197 317878 1217 12
177099 434613 1218 6
172171 512197 1218 7
172516 291465 1218 12
175169 317722 1219 12
162934 295765 1220 12
176497 307244 1221 12
199330 437640 1223 6
159852 309312 1223 12
177104 434505 1224 6
176361 307149 1224 12
121702 36558 1224 21
176601 307362 1225 12
127978 72637 1225 15
93970 -3236 1225 21
162933 295676 1226 12
147152 55328 1226 15
198380 357133 1227 5
176395 307175 1227 12
136614 82309 1227 15
163002 295818 1228 12
147711 54374 1228 15
176403 307217 1229 12
176600 307273 1230 12
176415 307180 1231 12
159822 309252 1232 12
163057 295705 1233 12
172434 328821 1234 12
162942 295758 1235 12
161621 183589 1240 11
161584 183609 1241 11
161663 183610 1242 11
141265 85103 1242 15
161600 183490 1245 11
110364 46477 1248 15
207726 551934 1254 2
207619 551683 1255 2
91065 120862 1255 16
113522 43388 1256 21
199555 495585 1257 7
155102 539003 1258 7
142943 312960 1258 12
159341 284855 1259 12
146099 166789 1263 16
100716 10026 1263 21
132658 65317 1264 15
91013 120840 1264 16
112058 12948 1264 21
161527 183683 1265 16
74057 8849 1265 21
112227 12887 1266 21
81068 31728 1267 21
119004 32381 1268 21
194486 628835 1269 3
100792 10001 1269 21
100684 9967 1270 21
79150 11754 1271 21
100773 10121 1272 21
81200 31649 1273 21
112204 13005 1274 21
72697 14627 1275 21
102940 34082 1276 21
194349 628979 1277 3
79152 11677 1277 21
102984 34082 1278 21
144484 176521 1279 11
90867 120852 1280 16
144313 176411 1281 16
176993 434432 1284 6
151934 430116 1285 6
79258 11767 1285 21
81183 31672 1291 21
135674 314930 1292 12
81284 31714 1292 21
145771 283991 1293 12
102984 34228 1293 21
162783 212991 1297 4
195702 490769 1299 7
81242 31691 1310 21
75351 29158 1311 21
100809 10087 1312 21
57352 8530 1313 21
100884 10025 1314 21
57317 8499 1315 21
90926 120899 1318 16
129906 185563 1323 11
128327 180196 1324 11
133420 180610 1326 11
128219 180325 1327 11
128419 180326 1329 11
147985 223434 1342 4
152176 213590 1343 4
176148 541144 1344 2
156817 419091 1345 6
125221 417254 1346 6
142620 234227 1350 4
125253 319483 1350 12
108934 280046 1351 12
159155 435144 1353 6
113718 431702 1354 6
131449 336877 1356 5
157185 548328 1359 2
176177 541398 1360 2
133845 218855 1366 4
156845 419021 1367 6
75520 29180 1368 21
24587 23949 1369 21
79198 11751 1370 21
134418 231426 1371 4
24498 23975 1371 21
133911 218797 1372 4
100768 10037 1372 21
26550 13827 1373 21
79258 11751 1374 21
157376 548308 1375 2
26549 13747 1375 21
157359 548200 1376 2
81096 31751 1376 21
157402 548394 1377 2
40902 18931 1377 21
157218 548311 1378 2
58095 53642 1378 15
48201 -19886 1378 20
75368 29236 1378 21
155069 539002 1379 2
125481 335122 1379 12
45395 6825 1379 21
157169 548262 1380 2
133864 218994 1380 4
85741 286262 1380 12
48498 -9885 1380 20
75336 29158 1380 21
157393 548311 1381 2
48119 -19932 1381 20
48462 -9871 1381 21
48449 -9889 1382 20
47952 -19866 1383 20
135856 351920 1384 5
155142 539263 1389 2
121247 219771 1390 4
133732 218796 1391 4
47998 -19871 1391 20
48451 -9787 1399 20
47970 -19926 1401 20
121003 219977 1403 4
48081 -19837 1403 20
121077 219860 1404 4
47516 -12943 1404 20
122598 231229 1405 4
64186 154492 1405 16
48171 -19804 1405 20
61375 123522 1406 16
83875 170699 1407 16
66174 131621 1408 16
48028 -19940 1408 20
64112 154480 1409 16
39322 -16182 1409 20
48076 -19817 1412 20
48152 -19849 1413 20
47445 -13060 1414 20
47976 -19858 1415 20
47949 -19736 1416 20
39333 -16032 1417 20
47345 -12814 1418 20
29004 -15099 1420 20
110707 216906 1421 4
122623 231214 1422 4
48126 -19942 1422 20
123969 209898 1423 4
47428 -13003 1423 20
116549 227695 1424 4
39380 -16106 1424 20
39412 -16075 1425 20
47960 -19934 1426 20
24591 23863 1426 21
67588 48889 1427 15
39305 -16187 1427 20
39073 66171 1428 15
74697 411061 1436 6
24583 -21363 1439 20
127416 421160 1440 6
28804 -15126 1440 20
72615 424459 1441 6
127404 421202 1442 6
74823 411055 1443 6
127402 435375 1444 6
70597 427189 1445 6
127343 435524 1446 6
72666 424483 1447 6
159437 587317 1450 0
24675 -21358 1451 20
24577 -21299 1452 20
91114 325296 1457 5
127328 435491 1457 6
62967 418912 1458 6
104176 323774 1462 12
53493 64958 1466 15
127182 435419 1467 6
70323 176025 1467 11
29160 66406 1467 15
62990 418902 1468 6
152075 430073 1469 6
45726 117466 1469 16
64697 408902 1470 6
29146 161559 1470 16
58084 99357 1471 16
33627 180518 1472 16
91987 209494 1481 4
97218 356752 1481 5
53406 64871 1485 15
16934 53286 1486 15
45876 117503 1492 16
58158 53636 1499 15
-12057 51189 1505 15
53530 64911 1511 15
67763 232323 1527 4
75012 201626 1528 4
67775 232472 1531 4
74985 201722 1532 4
106245 443264 1541 6
67805 232387 1544 4
54446 331966 1548 5
63747 346898 1564 5
54263 332032 1565 5
33671 180545 1571 11
45276 203636 1580 4
-6382 384056 1603 6
38968 341206 1641 5
-41637 524938 1685 7
-24367 478231 1849 7
-51747 543286 1889 2
-47332 445398 1937 6
-103299 606722 2014 3
-41811 524955 2962 24
-47404 445373 2993 23
-63437 449516 2994 23
-47436 445361 3019 23
-60311 486652 3057 18
-40119 481514 3060 18
-60341 486708 3061 18
-40111 481563 3065 18
-60360 486658 3066 18
-41822 524982 3067 24
-39855 481577 3081 18
-40079 481403 3087 18
-44370 495338 3088 18
-38427 467948 3122 18
-30110 481133 3123 18
-39890 481392 3124 18
-24478 478239 3125 18
-38963 488310 3126 18
5030 359693 3151 22
-50970 115778 3190 9
-59308 106565 3191 9
-59091 106612 3192 9
-51036 115839 3193 9
-51061 115827 3218 9
-33889 103809 3219 9
51063 434044 3228 23
-50970 115765 3231 9
47977 432949 3258 23
-6586 103749 3263 9
-45515 121513 3264 9
-12868 90578 3268 9
-25557 119870 3273 9
58796 351068 3278 22
77102 456237 3293 23
50986 433913 3294 23
11915 158365 3300 13
25436 150991 3301 13
58806 351003 3305 22
11760 158394 3318 13
45018 143249 3319 13
77088 456170 3323 23
12006 158301 3324 13
79649 429888 3324 23
41278 125246 3325 13
103385 510431 3325 24
95980 355325 3334 22
63771 346881 3335 22
11849 158409 3351 13
61633 267414 3351 17
66164 131528 3352 13
73837 269828 3352 17
97295 356747 3355 22
82184 347836 3356 22
61504 267364 3366 17
12701 26386 3370 8
93140 254733 3371 17
29118 97823 3373 9
12690 131009 3374 9
104854 367774 3384 22
70375 268757 3387 17
20537 163370 3388 13
99591 264821 3388 17
68439 293806 3389 17
34793 96132 3392 9
99677 264757 3393 17
73766 269844 3394 17
99689 264778 3396 17
73814 269868 3397 17
60428 218730 3405 14
29325 137232 3406 9
67039 244052 3406 14
99537 264676 3406 17
85665 286151 3407 17
99665 264674 3408 17
54893 242465 3410 14
85720 286201 3410 17
94202 461701 3410 18
112375 337507 3410 22
37932 191790 3411 10
66980 244164 3411 14
99601 264784 3411 17
77820 482668 3411 18
33739 180550 3412 10
66916 261378 3412 17
104080 134990 3413 13
106094 443281 3415 23
125397 430202 3416 23
99766 455673 3417 23
93438 279124 3418 17
125511 430320 3418 23
93443 279018 3419 17
73869 269868 3420 17
33613 180508 3421 13
33695 180613 3422 10
104173 135183 3422 13
99551 264712 3422 17
48996 191962 3423 10
97706 285725 3423 17
93519 279172 3424 17
120832 366538 3424 22
85741 286207 3425 17
112390 337440 3425 22
93514 279104 3426 17
99644 264713 3427 17
93320 254695 3428 17
99540 264707 3429 17
73717 269973 3430 17
33730 180585 3431 13
85746 286180 3431 17
118020 362038 3431 22
103528 510400 3431 24
93229 254812 3432 17
97626 285687 3433 17
125303 335132 3433 22
81512 250119 3435 17
78692 308579 3436 17
101281 231394 3440 17
104698 307271 3441 17
120789 366590 3442 22
127250 338321 3443 22
151591 507904 3446 24
103452 510374 3447 24
106109 443412 3451 23
38081 191710 3452 10
54986 242419 3452 14
158402 415481 3452 23
70462 175932 3453 10
101178 231232 3453 14
99727 455789 3453 23
156796 419088 3454 23
106195 443251 3455 23
101198 231196 3456 17
113179 305442 3457 17
27973 -43099 3461 3
27985 -43250 3462 3
28159 -43197 3463 3
151531 508084 3463 24
156869 419049 3465 23
118142 462511 3466 23
126848 372036 3470 22
157620 407373 3472 23
28980 -47537 3475 3
29009 -47444 3480 3
27918 -43175 3481 3
45453 203637 3484 10
101231 231224 3484 17
83902 170768 3485 10
136647 121583 3485 13
142975 312988 3485 17
41663 174770 3486 13
93118 254678 3486 17
113885 109650 3487 13
143073 312940 3487 17
48837 192004 3488 13
96303 253331 3489 17
135801 300899 3490 17
101186 231193 3491 17
38035 191736 3492 10
121733 304149 3492 17
101196 231360 3493 17
135504 314977 3494 17
82978 206948 3495 17
75285 29330 3501 8
111938 183237 3502 10
60511 218900 3507 14
172601 328992 3507 17
146976 243259 3508 14
45298 203855 3509 14
150930 244597 3510 14
45348 203836 3511 10
112062 183164 3512 10
97043 221317 3517 17
172442 328859 3518 17
45279 203806 3520 10
123553 164854 3522 10
75448 29318 3527 8
159405 587367 3527 20
81219 31690 3528 8
97004 221352 3528 17
176469 307151 3529 17
172537 328875 3530 22
136735 121732 3531 13
60512 218809 3531 14
151646 505535 3534 24
169274 593794 3535 20
172169 512195 3535 24
159419 587417 3536 20
155380 376856 3541 22
152825 446099 3541 23
172449 328788 3542 22
169233 593898 3544 20
159391 587459 3545 20
155459 376866 3553 22
81316 31736 3555 8
60392 218756 3557 10
191627 404311 3557 23
123617 164945 3558 10
157793 455103 3558 23
101288 88826 3559 9
45378 203822 3559 10
144394 176304 3560 10
101177 231199 3561 17
204557 297154 3562 17
101273 231390 3571 17
204542 297287 3572 17
81494 250025 3573 17
204547 297367 3574 17
150238 472782 3574 18
67085 244073 3575 17
150249 472932 3575 18
192694 223473 3576 14
208933 310384 3576 17
131082 463214 3576 18
67090 244022 3577 14
164150 469813 3577 18
111898 183388 3580 13
162552 518179 3582 24
200821 416181 3583 23
202468 504241 3583 24
167148 455558 3584 23
96982 221352 3591 17
221938 305771 3592 17
104137 135024 3593 9
67573 232333 3593 17
150217 472885 3593 18
223680 315362 3594 17
200937 416213 3594 23
167305 455695 3595 23
162579 517989 3597 24
60352 218802 3604 10
175656 174315 3605 10
120691 83619 3606 9
60455 218766 3606 10
192672 223626 3606 14
104330 134940 3607 9
175615 155247 3607 10
97030 221400 3607 14
60391 218747 3608 10
168497 247227 3608 14
82967 202556 3609 14
91937 209573 3609 17
193257 248236 3610 14
175583 174320 3611 10
168643 113811 3611 13
120804 83650 3620 9
96996 221514 3620 14
117178 137281 3621 9
198179 224921 3621 14
67646 232379 3622 14
191494 404346 3622 23
198112 224905 3623 14
101346 231251 3624 14
130162 27709 3625 8
129958 185593 3625 13
193259 248095 3625 14
169203 553360 3626 19
171321 553313 3627 19
120738 83650 3628 9
169120 553448 3628 19
117105 137304 3629 9
171287 553454 3629 19
101413 88892 3630 9
171323 553311 3630 19
74932 201684 3635 10
175626 174273 3636 10
91961 209407 3638 14
220314 329810 3638 22
195325 468278 3640 18
166080 480510 3641 18
204299 449796 3645 23
192826 366235 3648 22
195268 468108 3649 18
218597 425439 3649 23
166112 480542 3650 18
204347 449849 3650 23
217892 413876 3651 23
199240 437618 3652 23
199791 420365 3653 23
136764 121747 3656 9
120743 83653 3657 9
186877 87689 3657 13
129227 185113 3658 13
75030 201680 3660 10
215061 439190 3669 23
218008 413944 3670 23
195284 468341 3674 18
243700 220919 3675 14
189144 474247 3675 18
97207 221488 3676 14
130196 27683 3677 8
150429 28613 3678 8
186822 87798 3690 13
166421 196614 3691 13
222499 451149 3706 23
245953 401897 3707 23
222319 451135 3710 23
192917 98474 3714 13
249121 235125 3714 14
175554 174336 3715 13
123978 209698 3715 14
192959 98602 3733 13
170189 136987 3759 9
186830 87805 3771 9
170284 136800 3772 9
186848 87751 3782 9
201981 109048 4321 16
193093 98548 4323 16
238532 386734 4332 6
251958 374165 4333 6
219247 260887 4334 12
219394 261007 4335 12
238695 386730 4360 6
230176 373169 4361 6
201199 97528 4363 16
214722 272378 4372 12
182043 254245 4373 12
214705 272346 4374 12
182156 254444 4375 12
214701 272432 4376 12
193288 248018 4377 12
135508 103824 4386 16
228593 450235 4387 7
192361 74887 4387 16
135492 103736 4388 16
214731 272376 4389 12
192314 74909 4389 16
168486 247191 4390 12
136779 121669 4391 16
238537 386762 4392 6
192350 75036 4392 16
198329 357067 4393 6
245811 401860 4394 6
192032 365470 4395 6
245930 401907 4398 6
189626 351846 4399 6
187294 139359 4404 11
136871 121651 4405 16
184290 54070 4406 16
144078 142522 4408 16
170841 60582 4409 16